<?xml version="1.0" encoding="UTF-8"?>
<!-- Generated by org.testng.reporters.JUnitReportReporter -->
<testsuite hostname="pop-os" failures="0" tests="9" name="org.example.ApiTests" time="1.616" errors="0" timestamp="2025-07-23T11:23:43 IST" skipped="0">
  <testcase classname="org.example.ApiTests" name="testCreateNewItem" time="1.384"/>
  <testcase classname="org.example.ApiTests" name="testCreateItemWithMissingFields" time="0.030"/>
  <testcase classname="org.example.ApiTests" name="testGetAllItems" time="0.031"/>
  <testcase classname="org.example.ApiTests" name="testGetSpecificItem" time="0.025"/>
  <testcase classname="org.example.ApiTests" name="testGetNonExistentItem" time="0.022"/>
  <testcase classname="org.example.ApiTests" name="testUpdateItem" time="0.036"/>
  <testcase classname="org.example.ApiTests" name="testUpdateNonExistentItem" time="0.036"/>
  <testcase classname="org.example.ApiTests" name="testDeleteItem" time="0.031"/>
  <testcase classname="org.example.ApiTests" name="testDeleteNonExistentItem" time="0.021"/>
</testsuite> <!-- org.example.ApiTests -->
